<?xml version="1.0" encoding="UTF-8"?>
<!-- Generated by org.testng.reporters.JUnitReportReporter -->
<testsuite hostname="Bob" name="com.excers.selenium.phpcollab.tests.TestProjectCreation" tests="2" failures="0" timestamp="19 Dec 2017 22:46:30 GMT" time="12.031" errors="0">
  <testcase name="CreateProject" time="5.948" classname="com.excers.selenium.phpcollab.tests.TestProjectCreation"/>
  <testcase name="CreateUser" time="6.083" classname="com.excers.selenium.phpcollab.tests.TestProjectCreation"/>
</testsuite> <!-- com.excers.selenium.phpcollab.tests.TestProjectCreation -->
