<?xml version="1.0" encoding="UTF-8"?>
<!-- Generated by org.testng.reporters.JUnitReportReporter -->
<testsuite hostname="Bob" name="com.excers.selenium.phpcollab.tests.TestProjectCreationPageFactory" tests="2" failures="0" timestamp="20 Dec 2017 12:11:43 GMT" time="11.082" errors="0">
  <testcase name="CreateUser" time="4.355" classname="com.excers.selenium.phpcollab.tests.TestProjectCreationPageFactory"/>
  <testcase name="CreateProject" time="6.727" classname="com.excers.selenium.phpcollab.tests.TestProjectCreationPageFactory"/>
</testsuite> <!-- com.excers.selenium.phpcollab.tests.TestProjectCreationPageFactory -->
