<?xml version="1.0" encoding="UTF-8"?>
<!-- Generated by org.testng.reporters.JUnitReportReporter -->
<testsuite hostname="Bob" name="com.excers.selenium.phpcollab.tests.TestProjectCreation" tests="2" failures="0" timestamp="21 Dec 2017 19:04:17 GMT" time="12.033" errors="0">
  <testcase name="CreateProject" time="6.114" classname="com.excers.selenium.phpcollab.tests.TestProjectCreation"/>
  <testcase name="CreateUser" time="5.919" classname="com.excers.selenium.phpcollab.tests.TestProjectCreation"/>
</testsuite> <!-- com.excers.selenium.phpcollab.tests.TestProjectCreation -->
