<?xml version="1.0" encoding="UTF-8"?>
<!-- Generated by org.testng.reporters.JUnitReportReporter -->
<testsuite hostname="Bob" name="com.excers.selenium.phpcollab.tests.TestUserCreation" tests="1" failures="0" timestamp="21 Dec 2017 19:04:17 GMT" time="4.244" errors="0">
  <testcase name="CreateUser" time="4.244" classname="com.excers.selenium.phpcollab.tests.TestUserCreation"/>
</testsuite> <!-- com.excers.selenium.phpcollab.tests.TestUserCreation -->
